The target system is: Arduino -  - 
The host system is: Linux - 3.13.0-37-generic - x86_64
Compiling the C compiler identification source file "CMakeCCompilerId.c" succeeded.
Compiler: /opt/arduino-1.6.9/hardware/tools/avr/bin/avr-gcc 
Build flags: 
Id flags: 

The output was:
0


Compilation of the C compiler identification source "CMakeCCompilerId.c" produced "a.out"

The C compiler identification is GNU, found in "/home/apronchakov/src/plane/joystick-read/cmake-build-debug/CMakeFiles/3.7.1/CompilerIdC/a.out"

Compiling the CXX compiler identification source file "CMakeCXXCompilerId.cpp" succeeded.
Compiler: /opt/arduino-1.6.9/hardware/tools/avr/bin/avr-g++ 
Build flags: 
Id flags: 

The output was:
0


Compilation of the CXX compiler identification source "CMakeCXXCompilerId.cpp" produced "a.out"

The CXX compiler identification is GNU, found in "/home/apronchakov/src/plane/joystick-read/cmake-build-debug/CMakeFiles/3.7.1/CompilerIdCXX/a.out"

Determining if the C compiler works passed with the following output:
Change Dir: /home/apronchakov/src/plane/joystick-read/cmake-build-debug/CMakeFiles/CMakeTmp

Run Build Command:"/usr/bin/make" "cmTC_6806f/fast"
/usr/bin/make -f CMakeFiles/cmTC_6806f.dir/build.make CMakeFiles/cmTC_6806f.dir/build
make[1]: Entering directory `/home/apronchakov/src/plane/joystick-read/cmake-build-debug/CMakeFiles/CMakeTmp'
Building C object CMakeFiles/cmTC_6806f.dir/testCCompiler.c.obj
/opt/arduino-1.6.9/hardware/tools/avr/bin/avr-gcc    -g -Os -w -ffunction-sections -fdata-sections -MMD    -o CMakeFiles/cmTC_6806f.dir/testCCompiler.c.obj   -c /home/apronchakov/src/plane/joystick-read/cmake-build-debug/CMakeFiles/CMakeTmp/testCCompiler.c
Linking C executable cmTC_6806f
/home/apronchakov/java/clion-2017.1/bin/cmake/bin/cmake -E cmake_link_script CMakeFiles/cmTC_6806f.dir/link.txt --verbose=1
/opt/arduino-1.6.9/hardware/tools/avr/bin/avr-gcc  -g -Os -w -ffunction-sections -fdata-sections -MMD   -w -Os -Wl,--gc-sections  CMakeFiles/cmTC_6806f.dir/testCCompiler.c.obj  -o cmTC_6806f  
make[1]: Leaving directory `/home/apronchakov/src/plane/joystick-read/cmake-build-debug/CMakeFiles/CMakeTmp'


Detecting C compiler ABI info compiled with the following output:
Change Dir: /home/apronchakov/src/plane/joystick-read/cmake-build-debug/CMakeFiles/CMakeTmp

Run Build Command:"/usr/bin/make" "cmTC_b4a5d/fast"
/usr/bin/make -f CMakeFiles/cmTC_b4a5d.dir/build.make CMakeFiles/cmTC_b4a5d.dir/build
make[1]: Entering directory `/home/apronchakov/src/plane/joystick-read/cmake-build-debug/CMakeFiles/CMakeTmp'
Building C object CMakeFiles/cmTC_b4a5d.dir/CMakeCCompilerABI.c.obj
/opt/arduino-1.6.9/hardware/tools/avr/bin/avr-gcc    -g -Os -w -ffunction-sections -fdata-sections -MMD    -o CMakeFiles/cmTC_b4a5d.dir/CMakeCCompilerABI.c.obj   -c /home/apronchakov/java/clion-2017.1/bin/cmake/share/cmake-3.7/Modules/CMakeCCompilerABI.c
Linking C executable cmTC_b4a5d
/home/apronchakov/java/clion-2017.1/bin/cmake/bin/cmake -E cmake_link_script CMakeFiles/cmTC_b4a5d.dir/link.txt --verbose=1
/opt/arduino-1.6.9/hardware/tools/avr/bin/avr-gcc  -g -Os -w -ffunction-sections -fdata-sections -MMD   -w -Os -Wl,--gc-sections -v CMakeFiles/cmTC_b4a5d.dir/CMakeCCompilerABI.c.obj  -o cmTC_b4a5d   
Using built-in specs.
COLLECT_GCC=/opt/arduino-1.6.9/hardware/tools/avr/bin/avr-gcc
COLLECT_LTO_WRAPPER=/opt/arduino-1.6.9/hardware/tools/avr/bin/../libexec/gcc/avr/4.8.1/lto-wrapper
Target: avr
Configured with: ../gcc-4.8.1/configure --enable-fixed-point --enable-languages=c,c++ --prefix=/home/jenkins/jenkins/jobs/toolchain-avr-linux64/workspace/objdir --enable-long-long --disable-nls --disable-checking --disable-libssp --disable-libada --disable-shared --enable-lto --with-avrlibc=yes --with-dwarf2 --disable-doc --target=avr
Thread model: single
gcc version 4.8.1 (GCC) 
COMPILER_PATH=/opt/arduino-1.6.9/hardware/tools/avr/bin/../libexec/gcc/avr/4.8.1/:/opt/arduino-1.6.9/hardware/tools/avr/bin/../libexec/gcc/:/opt/arduino-1.6.9/hardware/tools/avr/bin/../lib/gcc/avr/4.8.1/../../../../avr/bin/
LIBRARY_PATH=/opt/arduino-1.6.9/hardware/tools/avr/bin/../lib/gcc/avr/4.8.1/:/opt/arduino-1.6.9/hardware/tools/avr/bin/../lib/gcc/:/opt/arduino-1.6.9/hardware/tools/avr/bin/../lib/gcc/avr/4.8.1/../../../../avr/lib/
COLLECT_GCC_OPTIONS='-g' '-Os' '-w' '-ffunction-sections' '-fdata-sections' '-MMD' '-w' '-Os' '-v' '-o' 'cmTC_b4a5d'
 /opt/arduino-1.6.9/hardware/tools/avr/bin/../libexec/gcc/avr/4.8.1/collect2 -o cmTC_b4a5d -L/opt/arduino-1.6.9/hardware/tools/avr/bin/../lib/gcc/avr/4.8.1 -L/opt/arduino-1.6.9/hardware/tools/avr/bin/../lib/gcc -L/opt/arduino-1.6.9/hardware/tools/avr/bin/../lib/gcc/avr/4.8.1/../../../../avr/lib --gc-sections CMakeFiles/cmTC_b4a5d.dir/CMakeCCompilerABI.c.obj --start-group -lgcc -lm -lc --end-group
make[1]: Leaving directory `/home/apronchakov/src/plane/joystick-read/cmake-build-debug/CMakeFiles/CMakeTmp'


Parsed C implicit link information from above output:
  link line regex: [^( *|.*[/\])(avr-ld|([^/\]+-)?ld|collect2)[^/\]*( |$)]
  ignore line: [Change Dir: /home/apronchakov/src/plane/joystick-read/cmake-build-debug/CMakeFiles/CMakeTmp]
  ignore line: []
  ignore line: [Run Build Command:"/usr/bin/make" "cmTC_b4a5d/fast"]
  ignore line: [/usr/bin/make -f CMakeFiles/cmTC_b4a5d.dir/build.make CMakeFiles/cmTC_b4a5d.dir/build]
  ignore line: [make[1]: Entering directory `/home/apronchakov/src/plane/joystick-read/cmake-build-debug/CMakeFiles/CMakeTmp']
  ignore line: [Building C object CMakeFiles/cmTC_b4a5d.dir/CMakeCCompilerABI.c.obj]
  ignore line: [/opt/arduino-1.6.9/hardware/tools/avr/bin/avr-gcc    -g -Os -w -ffunction-sections -fdata-sections -MMD    -o CMakeFiles/cmTC_b4a5d.dir/CMakeCCompilerABI.c.obj   -c /home/apronchakov/java/clion-2017.1/bin/cmake/share/cmake-3.7/Modules/CMakeCCompilerABI.c]
  ignore line: [Linking C executable cmTC_b4a5d]
  ignore line: [/home/apronchakov/java/clion-2017.1/bin/cmake/bin/cmake -E cmake_link_script CMakeFiles/cmTC_b4a5d.dir/link.txt --verbose=1]
  ignore line: [/opt/arduino-1.6.9/hardware/tools/avr/bin/avr-gcc  -g -Os -w -ffunction-sections -fdata-sections -MMD   -w -Os -Wl,--gc-sections -v CMakeFiles/cmTC_b4a5d.dir/CMakeCCompilerABI.c.obj  -o cmTC_b4a5d   ]
  ignore line: [Using built-in specs.]
  ignore line: [COLLECT_GCC=/opt/arduino-1.6.9/hardware/tools/avr/bin/avr-gcc]
  ignore line: [COLLECT_LTO_WRAPPER=/opt/arduino-1.6.9/hardware/tools/avr/bin/../libexec/gcc/avr/4.8.1/lto-wrapper]
  ignore line: [Target: avr]
  ignore line: [Configured with: ../gcc-4.8.1/configure --enable-fixed-point --enable-languages=c,c++ --prefix=/home/jenkins/jenkins/jobs/toolchain-avr-linux64/workspace/objdir --enable-long-long --disable-nls --disable-checking --disable-libssp --disable-libada --disable-shared --enable-lto --with-avrlibc=yes --with-dwarf2 --disable-doc --target=avr]
  ignore line: [Thread model: single]
  ignore line: [gcc version 4.8.1 (GCC) ]
  ignore line: [COMPILER_PATH=/opt/arduino-1.6.9/hardware/tools/avr/bin/../libexec/gcc/avr/4.8.1/:/opt/arduino-1.6.9/hardware/tools/avr/bin/../libexec/gcc/:/opt/arduino-1.6.9/hardware/tools/avr/bin/../lib/gcc/avr/4.8.1/../../../../avr/bin/]
  ignore line: [LIBRARY_PATH=/opt/arduino-1.6.9/hardware/tools/avr/bin/../lib/gcc/avr/4.8.1/:/opt/arduino-1.6.9/hardware/tools/avr/bin/../lib/gcc/:/opt/arduino-1.6.9/hardware/tools/avr/bin/../lib/gcc/avr/4.8.1/../../../../avr/lib/]
  ignore line: [COLLECT_GCC_OPTIONS='-g' '-Os' '-w' '-ffunction-sections' '-fdata-sections' '-MMD' '-w' '-Os' '-v' '-o' 'cmTC_b4a5d']
  link line: [ /opt/arduino-1.6.9/hardware/tools/avr/bin/../libexec/gcc/avr/4.8.1/collect2 -o cmTC_b4a5d -L/opt/arduino-1.6.9/hardware/tools/avr/bin/../lib/gcc/avr/4.8.1 -L/opt/arduino-1.6.9/hardware/tools/avr/bin/../lib/gcc -L/opt/arduino-1.6.9/hardware/tools/avr/bin/../lib/gcc/avr/4.8.1/../../../../avr/lib --gc-sections CMakeFiles/cmTC_b4a5d.dir/CMakeCCompilerABI.c.obj --start-group -lgcc -lm -lc --end-group]
    arg [/opt/arduino-1.6.9/hardware/tools/avr/bin/../libexec/gcc/avr/4.8.1/collect2] ==> ignore
    arg [-o] ==> ignore
    arg [cmTC_b4a5d] ==> ignore
    arg [-L/opt/arduino-1.6.9/hardware/tools/avr/bin/../lib/gcc/avr/4.8.1] ==> dir [/opt/arduino-1.6.9/hardware/tools/avr/bin/../lib/gcc/avr/4.8.1]
    arg [-L/opt/arduino-1.6.9/hardware/tools/avr/bin/../lib/gcc] ==> dir [/opt/arduino-1.6.9/hardware/tools/avr/bin/../lib/gcc]
    arg [-L/opt/arduino-1.6.9/hardware/tools/avr/bin/../lib/gcc/avr/4.8.1/../../../../avr/lib] ==> dir [/opt/arduino-1.6.9/hardware/tools/avr/bin/../lib/gcc/avr/4.8.1/../../../../avr/lib]
    arg [--gc-sections] ==> ignore
    arg [CMakeFiles/cmTC_b4a5d.dir/CMakeCCompilerABI.c.obj] ==> ignore
    arg [--start-group] ==> ignore
    arg [-lgcc] ==> lib [gcc]
    arg [-lm] ==> lib [m]
    arg [-lc] ==> lib [c]
    arg [--end-group] ==> ignore
  remove lib [gcc]
  collapse library dir [/opt/arduino-1.6.9/hardware/tools/avr/bin/../lib/gcc/avr/4.8.1] ==> [/opt/arduino-1.6.9/hardware/tools/avr/lib/gcc/avr/4.8.1]
  collapse library dir [/opt/arduino-1.6.9/hardware/tools/avr/bin/../lib/gcc] ==> [/opt/arduino-1.6.9/hardware/tools/avr/lib/gcc]
  collapse library dir [/opt/arduino-1.6.9/hardware/tools/avr/bin/../lib/gcc/avr/4.8.1/../../../../avr/lib] ==> [/opt/arduino-1.6.9/hardware/tools/avr/avr/lib]
  implicit libs: [m;c]
  implicit dirs: [/opt/arduino-1.6.9/hardware/tools/avr/lib/gcc/avr/4.8.1;/opt/arduino-1.6.9/hardware/tools/avr/lib/gcc;/opt/arduino-1.6.9/hardware/tools/avr/avr/lib]
  implicit fwks: []




Detecting C [-std=c11] compiler features compiled with the following output:
Change Dir: /home/apronchakov/src/plane/joystick-read/cmake-build-debug/CMakeFiles/CMakeTmp

Run Build Command:"/usr/bin/make" "cmTC_2cd74/fast"
/usr/bin/make -f CMakeFiles/cmTC_2cd74.dir/build.make CMakeFiles/cmTC_2cd74.dir/build
make[1]: Entering directory `/home/apronchakov/src/plane/joystick-read/cmake-build-debug/CMakeFiles/CMakeTmp'
Building C object CMakeFiles/cmTC_2cd74.dir/feature_tests.c.obj
/opt/arduino-1.6.9/hardware/tools/avr/bin/avr-gcc    -g -Os -w -ffunction-sections -fdata-sections -MMD    -std=c11 -o CMakeFiles/cmTC_2cd74.dir/feature_tests.c.obj   -c /home/apronchakov/src/plane/joystick-read/cmake-build-debug/CMakeFiles/feature_tests.c
Linking C executable cmTC_2cd74
/home/apronchakov/java/clion-2017.1/bin/cmake/bin/cmake -E cmake_link_script CMakeFiles/cmTC_2cd74.dir/link.txt --verbose=1
/opt/arduino-1.6.9/hardware/tools/avr/bin/avr-gcc  -g -Os -w -ffunction-sections -fdata-sections -MMD   -w -Os -Wl,--gc-sections  CMakeFiles/cmTC_2cd74.dir/feature_tests.c.obj  -o cmTC_2cd74  
make[1]: Leaving directory `/home/apronchakov/src/plane/joystick-read/cmake-build-debug/CMakeFiles/CMakeTmp'




Detecting C [-std=c99] compiler features compiled with the following output:
Change Dir: /home/apronchakov/src/plane/joystick-read/cmake-build-debug/CMakeFiles/CMakeTmp

Run Build Command:"/usr/bin/make" "cmTC_26eb6/fast"
/usr/bin/make -f CMakeFiles/cmTC_26eb6.dir/build.make CMakeFiles/cmTC_26eb6.dir/build
make[1]: Entering directory `/home/apronchakov/src/plane/joystick-read/cmake-build-debug/CMakeFiles/CMakeTmp'
Building C object CMakeFiles/cmTC_26eb6.dir/feature_tests.c.obj
/opt/arduino-1.6.9/hardware/tools/avr/bin/avr-gcc    -g -Os -w -ffunction-sections -fdata-sections -MMD    -std=c99 -o CMakeFiles/cmTC_26eb6.dir/feature_tests.c.obj   -c /home/apronchakov/src/plane/joystick-read/cmake-build-debug/CMakeFiles/feature_tests.c
Linking C executable cmTC_26eb6
/home/apronchakov/java/clion-2017.1/bin/cmake/bin/cmake -E cmake_link_script CMakeFiles/cmTC_26eb6.dir/link.txt --verbose=1
/opt/arduino-1.6.9/hardware/tools/avr/bin/avr-gcc  -g -Os -w -ffunction-sections -fdata-sections -MMD   -w -Os -Wl,--gc-sections  CMakeFiles/cmTC_26eb6.dir/feature_tests.c.obj  -o cmTC_26eb6  
make[1]: Leaving directory `/home/apronchakov/src/plane/joystick-read/cmake-build-debug/CMakeFiles/CMakeTmp'




Detecting C [-std=c90] compiler features compiled with the following output:
Change Dir: /home/apronchakov/src/plane/joystick-read/cmake-build-debug/CMakeFiles/CMakeTmp

Run Build Command:"/usr/bin/make" "cmTC_556ea/fast"
/usr/bin/make -f CMakeFiles/cmTC_556ea.dir/build.make CMakeFiles/cmTC_556ea.dir/build
make[1]: Entering directory `/home/apronchakov/src/plane/joystick-read/cmake-build-debug/CMakeFiles/CMakeTmp'
Building C object CMakeFiles/cmTC_556ea.dir/feature_tests.c.obj
/opt/arduino-1.6.9/hardware/tools/avr/bin/avr-gcc    -g -Os -w -ffunction-sections -fdata-sections -MMD    -std=c90 -o CMakeFiles/cmTC_556ea.dir/feature_tests.c.obj   -c /home/apronchakov/src/plane/joystick-read/cmake-build-debug/CMakeFiles/feature_tests.c
Linking C executable cmTC_556ea
/home/apronchakov/java/clion-2017.1/bin/cmake/bin/cmake -E cmake_link_script CMakeFiles/cmTC_556ea.dir/link.txt --verbose=1
/opt/arduino-1.6.9/hardware/tools/avr/bin/avr-gcc  -g -Os -w -ffunction-sections -fdata-sections -MMD   -w -Os -Wl,--gc-sections  CMakeFiles/cmTC_556ea.dir/feature_tests.c.obj  -o cmTC_556ea  
make[1]: Leaving directory `/home/apronchakov/src/plane/joystick-read/cmake-build-debug/CMakeFiles/CMakeTmp'


Determining if the CXX compiler works passed with the following output:
Change Dir: /home/apronchakov/src/plane/joystick-read/cmake-build-debug/CMakeFiles/CMakeTmp

Run Build Command:"/usr/bin/make" "cmTC_192d0/fast"
/usr/bin/make -f CMakeFiles/cmTC_192d0.dir/build.make CMakeFiles/cmTC_192d0.dir/build
make[1]: Entering directory `/home/apronchakov/src/plane/joystick-read/cmake-build-debug/CMakeFiles/CMakeTmp'
Building CXX object CMakeFiles/cmTC_192d0.dir/testCXXCompiler.cxx.obj
/opt/arduino-1.6.9/hardware/tools/avr/bin/avr-g++     -g -Os -w -fno-exceptions -ffunction-sections -fdata-sections -fno-threadsafe-statics -MMD    -o CMakeFiles/cmTC_192d0.dir/testCXXCompiler.cxx.obj -c /home/apronchakov/src/plane/joystick-read/cmake-build-debug/CMakeFiles/CMakeTmp/testCXXCompiler.cxx
Linking CXX executable cmTC_192d0
/home/apronchakov/java/clion-2017.1/bin/cmake/bin/cmake -E cmake_link_script CMakeFiles/cmTC_192d0.dir/link.txt --verbose=1
/opt/arduino-1.6.9/hardware/tools/avr/bin/avr-g++   -g -Os -w -fno-exceptions -ffunction-sections -fdata-sections -fno-threadsafe-statics -MMD   -w -Os -Wl,--gc-sections  CMakeFiles/cmTC_192d0.dir/testCXXCompiler.cxx.obj  -o cmTC_192d0  
make[1]: Leaving directory `/home/apronchakov/src/plane/joystick-read/cmake-build-debug/CMakeFiles/CMakeTmp'


Detecting CXX compiler ABI info compiled with the following output:
Change Dir: /home/apronchakov/src/plane/joystick-read/cmake-build-debug/CMakeFiles/CMakeTmp

Run Build Command:"/usr/bin/make" "cmTC_44bce/fast"
/usr/bin/make -f CMakeFiles/cmTC_44bce.dir/build.make CMakeFiles/cmTC_44bce.dir/build
make[1]: Entering directory `/home/apronchakov/src/plane/joystick-read/cmake-build-debug/CMakeFiles/CMakeTmp'
Building CXX object CMakeFiles/cmTC_44bce.dir/CMakeCXXCompilerABI.cpp.obj
/opt/arduino-1.6.9/hardware/tools/avr/bin/avr-g++     -g -Os -w -fno-exceptions -ffunction-sections -fdata-sections -fno-threadsafe-statics -MMD    -o CMakeFiles/cmTC_44bce.dir/CMakeCXXCompilerABI.cpp.obj -c /home/apronchakov/java/clion-2017.1/bin/cmake/share/cmake-3.7/Modules/CMakeCXXCompilerABI.cpp
Linking CXX executable cmTC_44bce
/home/apronchakov/java/clion-2017.1/bin/cmake/bin/cmake -E cmake_link_script CMakeFiles/cmTC_44bce.dir/link.txt --verbose=1
/opt/arduino-1.6.9/hardware/tools/avr/bin/avr-g++   -g -Os -w -fno-exceptions -ffunction-sections -fdata-sections -fno-threadsafe-statics -MMD   -w -Os -Wl,--gc-sections -v CMakeFiles/cmTC_44bce.dir/CMakeCXXCompilerABI.cpp.obj  -o cmTC_44bce   
Using built-in specs.
COLLECT_GCC=/opt/arduino-1.6.9/hardware/tools/avr/bin/avr-g++
COLLECT_LTO_WRAPPER=/opt/arduino-1.6.9/hardware/tools/avr/bin/../libexec/gcc/avr/4.8.1/lto-wrapper
Target: avr
Configured with: ../gcc-4.8.1/configure --enable-fixed-point --enable-languages=c,c++ --prefix=/home/jenkins/jenkins/jobs/toolchain-avr-linux64/workspace/objdir --enable-long-long --disable-nls --disable-checking --disable-libssp --disable-libada --disable-shared --enable-lto --with-avrlibc=yes --with-dwarf2 --disable-doc --target=avr
Thread model: single
gcc version 4.8.1 (GCC) 
COMPILER_PATH=/opt/arduino-1.6.9/hardware/tools/avr/bin/../libexec/gcc/avr/4.8.1/:/opt/arduino-1.6.9/hardware/tools/avr/bin/../libexec/gcc/:/opt/arduino-1.6.9/hardware/tools/avr/bin/../lib/gcc/avr/4.8.1/../../../../avr/bin/
LIBRARY_PATH=/opt/arduino-1.6.9/hardware/tools/avr/bin/../lib/gcc/avr/4.8.1/:/opt/arduino-1.6.9/hardware/tools/avr/bin/../lib/gcc/:/opt/arduino-1.6.9/hardware/tools/avr/bin/../lib/gcc/avr/4.8.1/../../../../avr/lib/
COLLECT_GCC_OPTIONS='-g' '-Os' '-w' '-fno-exceptions' '-ffunction-sections' '-fdata-sections' '-fno-threadsafe-statics' '-MMD' '-w' '-Os' '-v' '-o' 'cmTC_44bce'
 /opt/arduino-1.6.9/hardware/tools/avr/bin/../libexec/gcc/avr/4.8.1/collect2 -o cmTC_44bce -L/opt/arduino-1.6.9/hardware/tools/avr/bin/../lib/gcc/avr/4.8.1 -L/opt/arduino-1.6.9/hardware/tools/avr/bin/../lib/gcc -L/opt/arduino-1.6.9/hardware/tools/avr/bin/../lib/gcc/avr/4.8.1/../../../../avr/lib --gc-sections CMakeFiles/cmTC_44bce.dir/CMakeCXXCompilerABI.cpp.obj -lgcc -lm --start-group -lgcc -lm -lc --end-group
make[1]: Leaving directory `/home/apronchakov/src/plane/joystick-read/cmake-build-debug/CMakeFiles/CMakeTmp'


Parsed CXX implicit link information from above output:
  link line regex: [^( *|.*[/\])(avr-ld|([^/\]+-)?ld|collect2)[^/\]*( |$)]
  ignore line: [Change Dir: /home/apronchakov/src/plane/joystick-read/cmake-build-debug/CMakeFiles/CMakeTmp]
  ignore line: []
  ignore line: [Run Build Command:"/usr/bin/make" "cmTC_44bce/fast"]
  ignore line: [/usr/bin/make -f CMakeFiles/cmTC_44bce.dir/build.make CMakeFiles/cmTC_44bce.dir/build]
  ignore line: [make[1]: Entering directory `/home/apronchakov/src/plane/joystick-read/cmake-build-debug/CMakeFiles/CMakeTmp']
  ignore line: [Building CXX object CMakeFiles/cmTC_44bce.dir/CMakeCXXCompilerABI.cpp.obj]
  ignore line: [/opt/arduino-1.6.9/hardware/tools/avr/bin/avr-g++     -g -Os -w -fno-exceptions -ffunction-sections -fdata-sections -fno-threadsafe-statics -MMD    -o CMakeFiles/cmTC_44bce.dir/CMakeCXXCompilerABI.cpp.obj -c /home/apronchakov/java/clion-2017.1/bin/cmake/share/cmake-3.7/Modules/CMakeCXXCompilerABI.cpp]
  ignore line: [Linking CXX executable cmTC_44bce]
  ignore line: [/home/apronchakov/java/clion-2017.1/bin/cmake/bin/cmake -E cmake_link_script CMakeFiles/cmTC_44bce.dir/link.txt --verbose=1]
  ignore line: [/opt/arduino-1.6.9/hardware/tools/avr/bin/avr-g++   -g -Os -w -fno-exceptions -ffunction-sections -fdata-sections -fno-threadsafe-statics -MMD   -w -Os -Wl,--gc-sections -v CMakeFiles/cmTC_44bce.dir/CMakeCXXCompilerABI.cpp.obj  -o cmTC_44bce   ]
  ignore line: [Using built-in specs.]
  ignore line: [COLLECT_GCC=/opt/arduino-1.6.9/hardware/tools/avr/bin/avr-g++]
  ignore line: [COLLECT_LTO_WRAPPER=/opt/arduino-1.6.9/hardware/tools/avr/bin/../libexec/gcc/avr/4.8.1/lto-wrapper]
  ignore line: [Target: avr]
  ignore line: [Configured with: ../gcc-4.8.1/configure --enable-fixed-point --enable-languages=c,c++ --prefix=/home/jenkins/jenkins/jobs/toolchain-avr-linux64/workspace/objdir --enable-long-long --disable-nls --disable-checking --disable-libssp --disable-libada --disable-shared --enable-lto --with-avrlibc=yes --with-dwarf2 --disable-doc --target=avr]
  ignore line: [Thread model: single]
  ignore line: [gcc version 4.8.1 (GCC) ]
  ignore line: [COMPILER_PATH=/opt/arduino-1.6.9/hardware/tools/avr/bin/../libexec/gcc/avr/4.8.1/:/opt/arduino-1.6.9/hardware/tools/avr/bin/../libexec/gcc/:/opt/arduino-1.6.9/hardware/tools/avr/bin/../lib/gcc/avr/4.8.1/../../../../avr/bin/]
  ignore line: [LIBRARY_PATH=/opt/arduino-1.6.9/hardware/tools/avr/bin/../lib/gcc/avr/4.8.1/:/opt/arduino-1.6.9/hardware/tools/avr/bin/../lib/gcc/:/opt/arduino-1.6.9/hardware/tools/avr/bin/../lib/gcc/avr/4.8.1/../../../../avr/lib/]
  ignore line: [COLLECT_GCC_OPTIONS='-g' '-Os' '-w' '-fno-exceptions' '-ffunction-sections' '-fdata-sections' '-fno-threadsafe-statics' '-MMD' '-w' '-Os' '-v' '-o' 'cmTC_44bce']
  link line: [ /opt/arduino-1.6.9/hardware/tools/avr/bin/../libexec/gcc/avr/4.8.1/collect2 -o cmTC_44bce -L/opt/arduino-1.6.9/hardware/tools/avr/bin/../lib/gcc/avr/4.8.1 -L/opt/arduino-1.6.9/hardware/tools/avr/bin/../lib/gcc -L/opt/arduino-1.6.9/hardware/tools/avr/bin/../lib/gcc/avr/4.8.1/../../../../avr/lib --gc-sections CMakeFiles/cmTC_44bce.dir/CMakeCXXCompilerABI.cpp.obj -lgcc -lm --start-group -lgcc -lm -lc --end-group]
    arg [/opt/arduino-1.6.9/hardware/tools/avr/bin/../libexec/gcc/avr/4.8.1/collect2] ==> ignore
    arg [-o] ==> ignore
    arg [cmTC_44bce] ==> ignore
    arg [-L/opt/arduino-1.6.9/hardware/tools/avr/bin/../lib/gcc/avr/4.8.1] ==> dir [/opt/arduino-1.6.9/hardware/tools/avr/bin/../lib/gcc/avr/4.8.1]
    arg [-L/opt/arduino-1.6.9/hardware/tools/avr/bin/../lib/gcc] ==> dir [/opt/arduino-1.6.9/hardware/tools/avr/bin/../lib/gcc]
    arg [-L/opt/arduino-1.6.9/hardware/tools/avr/bin/../lib/gcc/avr/4.8.1/../../../../avr/lib] ==> dir [/opt/arduino-1.6.9/hardware/tools/avr/bin/../lib/gcc/avr/4.8.1/../../../../avr/lib]
    arg [--gc-sections] ==> ignore
    arg [CMakeFiles/cmTC_44bce.dir/CMakeCXXCompilerABI.cpp.obj] ==> ignore
    arg [-lgcc] ==> lib [gcc]
    arg [-lm] ==> lib [m]
    arg [--start-group] ==> ignore
    arg [-lgcc] ==> lib [gcc]
    arg [-lm] ==> lib [m]
    arg [-lc] ==> lib [c]
    arg [--end-group] ==> ignore
  remove lib [gcc]
  remove lib [gcc]
  collapse library dir [/opt/arduino-1.6.9/hardware/tools/avr/bin/../lib/gcc/avr/4.8.1] ==> [/opt/arduino-1.6.9/hardware/tools/avr/lib/gcc/avr/4.8.1]
  collapse library dir [/opt/arduino-1.6.9/hardware/tools/avr/bin/../lib/gcc] ==> [/opt/arduino-1.6.9/hardware/tools/avr/lib/gcc]
  collapse library dir [/opt/arduino-1.6.9/hardware/tools/avr/bin/../lib/gcc/avr/4.8.1/../../../../avr/lib] ==> [/opt/arduino-1.6.9/hardware/tools/avr/avr/lib]
  implicit libs: [m;m;c]
  implicit dirs: [/opt/arduino-1.6.9/hardware/tools/avr/lib/gcc/avr/4.8.1;/opt/arduino-1.6.9/hardware/tools/avr/lib/gcc;/opt/arduino-1.6.9/hardware/tools/avr/avr/lib]
  implicit fwks: []




Detecting CXX [-std=c++1y] compiler features compiled with the following output:
Change Dir: /home/apronchakov/src/plane/joystick-read/cmake-build-debug/CMakeFiles/CMakeTmp

Run Build Command:"/usr/bin/make" "cmTC_5714f/fast"
/usr/bin/make -f CMakeFiles/cmTC_5714f.dir/build.make CMakeFiles/cmTC_5714f.dir/build
make[1]: Entering directory `/home/apronchakov/src/plane/joystick-read/cmake-build-debug/CMakeFiles/CMakeTmp'
Building CXX object CMakeFiles/cmTC_5714f.dir/feature_tests.cxx.obj
/opt/arduino-1.6.9/hardware/tools/avr/bin/avr-g++     -g -Os -w -fno-exceptions -ffunction-sections -fdata-sections -fno-threadsafe-statics -MMD    -std=c++1y -o CMakeFiles/cmTC_5714f.dir/feature_tests.cxx.obj -c /home/apronchakov/src/plane/joystick-read/cmake-build-debug/CMakeFiles/feature_tests.cxx
Linking CXX executable cmTC_5714f
/home/apronchakov/java/clion-2017.1/bin/cmake/bin/cmake -E cmake_link_script CMakeFiles/cmTC_5714f.dir/link.txt --verbose=1
/opt/arduino-1.6.9/hardware/tools/avr/bin/avr-g++   -g -Os -w -fno-exceptions -ffunction-sections -fdata-sections -fno-threadsafe-statics -MMD   -w -Os -Wl,--gc-sections  CMakeFiles/cmTC_5714f.dir/feature_tests.cxx.obj  -o cmTC_5714f  
make[1]: Leaving directory `/home/apronchakov/src/plane/joystick-read/cmake-build-debug/CMakeFiles/CMakeTmp'




Detecting CXX [-std=c++11] compiler features compiled with the following output:
Change Dir: /home/apronchakov/src/plane/joystick-read/cmake-build-debug/CMakeFiles/CMakeTmp

Run Build Command:"/usr/bin/make" "cmTC_e46f6/fast"
/usr/bin/make -f CMakeFiles/cmTC_e46f6.dir/build.make CMakeFiles/cmTC_e46f6.dir/build
make[1]: Entering directory `/home/apronchakov/src/plane/joystick-read/cmake-build-debug/CMakeFiles/CMakeTmp'
Building CXX object CMakeFiles/cmTC_e46f6.dir/feature_tests.cxx.obj
/opt/arduino-1.6.9/hardware/tools/avr/bin/avr-g++     -g -Os -w -fno-exceptions -ffunction-sections -fdata-sections -fno-threadsafe-statics -MMD    -std=c++11 -o CMakeFiles/cmTC_e46f6.dir/feature_tests.cxx.obj -c /home/apronchakov/src/plane/joystick-read/cmake-build-debug/CMakeFiles/feature_tests.cxx
Linking CXX executable cmTC_e46f6
/home/apronchakov/java/clion-2017.1/bin/cmake/bin/cmake -E cmake_link_script CMakeFiles/cmTC_e46f6.dir/link.txt --verbose=1
/opt/arduino-1.6.9/hardware/tools/avr/bin/avr-g++   -g -Os -w -fno-exceptions -ffunction-sections -fdata-sections -fno-threadsafe-statics -MMD   -w -Os -Wl,--gc-sections  CMakeFiles/cmTC_e46f6.dir/feature_tests.cxx.obj  -o cmTC_e46f6  
make[1]: Leaving directory `/home/apronchakov/src/plane/joystick-read/cmake-build-debug/CMakeFiles/CMakeTmp'




Detecting CXX [-std=c++98] compiler features compiled with the following output:
Change Dir: /home/apronchakov/src/plane/joystick-read/cmake-build-debug/CMakeFiles/CMakeTmp

Run Build Command:"/usr/bin/make" "cmTC_a0b5a/fast"
/usr/bin/make -f CMakeFiles/cmTC_a0b5a.dir/build.make CMakeFiles/cmTC_a0b5a.dir/build
make[1]: Entering directory `/home/apronchakov/src/plane/joystick-read/cmake-build-debug/CMakeFiles/CMakeTmp'
Building CXX object CMakeFiles/cmTC_a0b5a.dir/feature_tests.cxx.obj
/opt/arduino-1.6.9/hardware/tools/avr/bin/avr-g++     -g -Os -w -fno-exceptions -ffunction-sections -fdata-sections -fno-threadsafe-statics -MMD    -std=c++98 -o CMakeFiles/cmTC_a0b5a.dir/feature_tests.cxx.obj -c /home/apronchakov/src/plane/joystick-read/cmake-build-debug/CMakeFiles/feature_tests.cxx
Linking CXX executable cmTC_a0b5a
/home/apronchakov/java/clion-2017.1/bin/cmake/bin/cmake -E cmake_link_script CMakeFiles/cmTC_a0b5a.dir/link.txt --verbose=1
/opt/arduino-1.6.9/hardware/tools/avr/bin/avr-g++   -g -Os -w -fno-exceptions -ffunction-sections -fdata-sections -fno-threadsafe-statics -MMD   -w -Os -Wl,--gc-sections  CMakeFiles/cmTC_a0b5a.dir/feature_tests.cxx.obj  -o cmTC_a0b5a  
make[1]: Leaving directory `/home/apronchakov/src/plane/joystick-read/cmake-build-debug/CMakeFiles/CMakeTmp'


